#
# A fatal error has been detected by the Java Runtime Environment:
#
#  EXCEPTION_ACCESS_VIOLATION (0xc0000005) at pc=0x00000000508911aa, pid=3280, tid=1744
#
# JRE version: Java(TM) SE Runtime Environment (7.0_71-b14) (build 1.7.0_71-b14)
# Java VM: Java HotSpot(TM) 64-Bit Server VM (24.71-b01 mixed mode windows-amd64 compressed oops)
# Problematic frame:
# V  [jvm.dll+0x1211aa]
#
# Failed to write core dump. Minidumps are not enabled by default on client versions of Windows
#
# If you would like to submit a bug report, please visit:
#   http://bugreport.sun.com/bugreport/crash.jsp
#

---------------  T H R E A D  ---------------

Current thread (0x0000000002228000):  JavaThread "main" [_thread_in_vm, id=1744, stack(0x0000000002360000,0x0000000002460000)]

siginfo: ExceptionCode=0xc0000005, reading address 0x0000000000000078

Registers:
RAX=0x0000000000000000, RBX=0x0000000002228000, RCX=0x0000000000000003, RDX=0x0000000000000000
RSP=0x000000000245e930, RBP=0x000000000245ea80, RSI=0x00000000022281e8, RDI=0x000000000245ec99
R8 =0xffffffffa94bea28, R9 =0x0000000056b41607, R10=0x000000000000002f, R11=0x000000000000002f
R12=0x0000000000000000, R13=0x000000000245ec98, R14=0x000000000245ecc8, R15=0x000000000245ecd0
RIP=0x00000000508911aa, EFLAGS=0x0000000000010246

Top of Stack: (sp=0x000000000245e930)
0x000000000245e930:   0000000056b415d8 0000000002228000
0x000000000245e940:   000000000245ea80 000000000c301050
0x000000000245e950:   0000000002228000 0000000000000000
0x000000000245e960:   00000000021bf618 000000020000000b
0x000000000245e970:   000000000245ec99 0000000056b43634
0x000000000245e980:   00000000022281e8 000000000245ea80
0x000000000245e990:   000000000b051970 0000000000000000
0x000000000245e9a0:   0000000000000000 0000000000000000
0x000000000245e9b0:   0000000000000000 0000000000000000
0x000000000245e9c0:   0000000000000000 0000000000000000
0x000000000245e9d0:   0000000000000000 0000000000000000
0x000000000245e9e0:   0000000000000000 0000000000000000
0x000000000245e9f0:   0000000000000000 00000000024b0e97
0x000000000245ea00:   00000000024b11a0 0000000000000000
0x000000000245ea10:   0000000000000000 000000000245ec98
0x000000000245ea20:   000000000245ecb0 0000000000000000 

Instructions: (pc=0x00000000508911aa)
0x000000005089118a:   00 00 48 8b 17 74 15 8b 52 08 8b 0d 1e 47 5d 00
0x000000005089119a:   48 d3 e2 48 03 15 0c 47 5d 00 eb 04 48 8b 52 08
0x00000000508911aa:   48 8b 52 78 48 8b ce e8 4a f5 0a 00 48 83 7c 24
0x00000000508911ba:   28 00 48 8b f0 74 0a 48 8d 4c 24 20 e8 65 de 10 


Register to memory mapping:

RAX=0x0000000000000000 is an unknown value
RBX=0x0000000002228000 is a thread
RCX=0x0000000000000003 is an unknown value
RDX=0x0000000000000000 is an unknown value
RSP=0x000000000245e930 is pointing into the stack for thread: 0x0000000002228000
RBP=0x000000000245ea80 is pointing into the stack for thread: 0x0000000002228000
RSI=0x00000000022281e8 is an unknown value
RDI=0x000000000245ec99 is pointing into the stack for thread: 0x0000000002228000
R8 =0xffffffffa94bea28 is an unknown value
R9 =0x0000000056b41607 is an unknown value
R10=0x000000000000002f is an unknown value
R11=0x000000000000002f is an unknown value
R12=0x0000000000000000 is an unknown value
R13=0x000000000245ec98 is pointing into the stack for thread: 0x0000000002228000
R14=0x000000000245ecc8 is pointing into the stack for thread: 0x0000000002228000
R15=0x000000000245ecd0 is pointing into the stack for thread: 0x0000000002228000


Stack: [0x0000000002360000,0x0000000002460000],  sp=0x000000000245e930,  free space=1018k
Native frames: (J=compiled Java code, j=interpreted, Vv=VM code, C=native code)
V  [jvm.dll+0x1211aa]

Java frames: (J=compiled Java code, j=interpreted, Vv=VM code)
j  com.microsoft.sqlserver.jdbc.AuthenticationJNI.SNISecGenClientContext([B[I[BI[B[I[ZLjava/lang/String;Ljava/lang/String;Ljava/lang/String;Ljava/util/logging/Logger;)I+0
j  com.microsoft.sqlserver.jdbc.AuthenticationJNI.GenerateClientContext([BI[B[I[Z)I+24
j  com.microsoft.sqlserver.jdbc.SQLServerConnection.SSPIData([B[B[I[ZLcom/microsoft/sqlserver/jdbc/AuthenticationJNI;)V+13
j  com.microsoft.sqlserver.jdbc.SQLServerConnection.sendLogon(Lcom/microsoft/sqlserver/jdbc/SQLServerConnection$LogonCommand;Lcom/microsoft/sqlserver/jdbc/AuthenticationJNI;)V+151
j  com.microsoft.sqlserver.jdbc.SQLServerConnection.logon(Lcom/microsoft/sqlserver/jdbc/SQLServerConnection$LogonCommand;)V+20
j  com.microsoft.sqlserver.jdbc.SQLServerConnection.access$000(Lcom/microsoft/sqlserver/jdbc/SQLServerConnection;Lcom/microsoft/sqlserver/jdbc/SQLServerConnection$LogonCommand;)V+2
j  com.microsoft.sqlserver.jdbc.SQLServerConnection$LogonCommand.doExecute()Z+5
j  com.microsoft.sqlserver.jdbc.TDSCommand.execute(Lcom/microsoft/sqlserver/jdbc/TDSWriter;Lcom/microsoft/sqlserver/jdbc/TDSReader;)Z+30
j  com.microsoft.sqlserver.jdbc.SQLServerConnection.executeCommand(Lcom/microsoft/sqlserver/jdbc/TDSCommand;)Z+45
j  com.microsoft.sqlserver.jdbc.SQLServerConnection.connectHelper(Lcom/microsoft/sqlserver/jdbc/ServerPortPlaceHolder;II)V+284
j  com.microsoft.sqlserver.jdbc.SQLServerConnection.login(Ljava/lang/String;Ljava/lang/String;ILjava/lang/String;Lcom/microsoft/sqlserver/jdbc/FailoverInfo;IJ)V+399
j  com.microsoft.sqlserver.jdbc.SQLServerConnection.connect(Ljava/util/Properties;Lcom/microsoft/sqlserver/jdbc/SQLServerPooledConnection;)Ljava/sql/Connection;+1736
j  com.microsoft.sqlserver.jdbc.SQLServerDriver.connect(Ljava/lang/String;Ljava/util/Properties;)Ljava/sql/Connection;+45
j  java.sql.DriverManager.getConnection(Ljava/lang/String;Ljava/util/Properties;Ljava/lang/Class;)Ljava/sql/Connection;+172
j  java.sql.DriverManager.getConnection(Ljava/lang/String;)Ljava/sql/Connection;+13
j  utdallas.oilTransactionMgmt.Dao.BaseDao.<init>()V+20
j  utdallas.oilTransactionMgmt.Dao.ClientDao.<init>()V+1
j  Test.main([Ljava/lang/String;)V+6
v  ~StubRoutines::call_stub

---------------  P R O C E S S  ---------------

Java Threads: ( => current thread )
  0x000000000c10b000 JavaThread "Service Thread" daemon [_thread_blocked, id=5884, stack(0x000000000d1b0000,0x000000000d2b0000)]
  0x000000000c105000 JavaThread "C2 CompilerThread1" daemon [_thread_in_native, id=6540, stack(0x000000000db90000,0x000000000dc90000)]
  0x000000000b068800 JavaThread "C2 CompilerThread0" daemon [_thread_blocked, id=6960, stack(0x000000000d990000,0x000000000da90000)]
  0x000000000b067800 JavaThread "Attach Listener" daemon [_thread_blocked, id=6156, stack(0x000000000d7b0000,0x000000000d8b0000)]
  0x000000000b067000 JavaThread "Signal Dispatcher" daemon [_thread_blocked, id=3148, stack(0x000000000d630000,0x000000000d730000)]
  0x00000000022be000 JavaThread "Finalizer" daemon [_thread_blocked, id=4468, stack(0x000000000d4d0000,0x000000000d5d0000)]
  0x00000000022bd000 JavaThread "Reference Handler" daemon [_thread_blocked, id=5732, stack(0x000000000d300000,0x000000000d400000)]
=>0x0000000002228000 JavaThread "main" [_thread_in_vm, id=1744, stack(0x0000000002360000,0x0000000002460000)]

Other Threads:
  0x000000000c0c3800 VMThread [stack: 0x000000000d090000,0x000000000d190000] [id=3836]
  0x000000000c11b800 WatcherThread [stack: 0x000000000dcb0000,0x000000000ddb0000] [id=2248]

VM state:not at safepoint (normal execution)

VM Mutex/Monitor currently owned by a thread: None

Heap
 PSYoungGen      total 38400K, used 12060K [0x00000007d5c80000, 0x00000007d8700000, 0x0000000800000000)
  eden space 33280K, 36% used [0x00000007d5c80000,0x00000007d68470b0,0x00000007d7d00000)
  from space 5120K, 0% used [0x00000007d8200000,0x00000007d8200000,0x00000007d8700000)
  to   space 5120K, 0% used [0x00000007d7d00000,0x00000007d7d00000,0x00000007d8200000)
 ParOldGen       total 86016K, used 0K [0x0000000781600000, 0x0000000786a00000, 0x00000007d5c80000)
  object space 86016K, 0% used [0x0000000781600000,0x0000000781600000,0x0000000786a00000)
 PSPermGen       total 21504K, used 7035K [0x000000077c400000, 0x000000077d900000, 0x0000000781600000)
  object space 21504K, 32% used [0x000000077c400000,0x000000077cadecd8,0x000000077d900000)

Card table byte_map: [0x0000000005460000,0x0000000005880000] byte_map_base: 0x000000000187e000

Polling page: 0x0000000000330000

Code Cache  [0x0000000002460000, 0x00000000026d0000, 0x0000000005460000)
 total_blobs=340 nmethods=72 adapters=220 free_code_cache=48581Kb largest_free_block=49728384

Compilation events (10 events):
Event: 1.484 Thread 0x000000000c105000   70             sun.misc.CharacterDecoder::readFully (52 bytes)
Event: 1.490 Thread 0x000000000b068800 nmethod 69 0x00000000024e98d0 code [0x00000000024e9a20, 0x00000000024e9bf8]
Event: 1.490 Thread 0x000000000b068800   71             java.util.Arrays::copyOfRange (63 bytes)
Event: 1.496 Thread 0x000000000b068800 nmethod 71 0x00000000024ea2d0 code [0x00000000024ea420, 0x00000000024ea618]
Event: 1.496 Thread 0x000000000c105000 nmethod 70 0x00000000024ecc90 code [0x00000000024ecde0, 0x00000000024ed258]
Event: 1.496 Thread 0x000000000b068800   72             java.lang.String::<init> (67 bytes)
Event: 1.503 Thread 0x000000000b068800 nmethod 72 0x00000000024ec710 code [0x00000000024ec860, 0x00000000024ecad8]
Event: 1.528 Thread 0x000000000c105000   73 %           com.sun.crypto.provider.AESCrypt::<clinit> @ 724 (1577 bytes)
Event: 1.628 Thread 0x000000000b068800   74             java.util.HashMap::put (142 bytes)
Event: 1.648 Thread 0x000000000b068800 nmethod 74 0x00000000024f2690 code [0x00000000024f2880, 0x00000000024f2eb0]

GC Heap History (0 events):
No events

Deoptimization events (6 events):
Event: 0.655 Thread 0x0000000002228000 Uncommon trap: reason=null_check action=make_not_entrant pc=0x00000000024d4d2c method=java.util.jar.Attributes.putValue(Ljava/lang/String;Ljava/lang/String;)Ljava/lang/String; @ 13
Event: 1.661 Thread 0x0000000002228000 Uncommon trap: reason=class_check action=maybe_recompile pc=0x00000000024e8cd4 method=sun.security.provider.DigestBase.engineUpdate([BII)V @ 128
Event: 1.663 Thread 0x0000000002228000 Uncommon trap: reason=class_check action=maybe_recompile pc=0x00000000024e8cd4 method=sun.security.provider.DigestBase.engineUpdate([BII)V @ 128
Event: 1.673 Thread 0x0000000002228000 Uncommon trap: reason=class_check action=maybe_recompile pc=0x00000000024e8cd4 method=sun.security.provider.DigestBase.engineUpdate([BII)V @ 128
Event: 1.677 Thread 0x0000000002228000 Uncommon trap: reason=class_check action=maybe_recompile pc=0x00000000024e8cd4 method=sun.security.provider.DigestBase.engineUpdate([BII)V @ 128
Event: 1.689 Thread 0x0000000002228000 Uncommon trap: reason=unreached action=reinterpret pc=0x00000000024e42a8 method=java.util.Arrays.equals([B[B)Z @ 12

Internal exceptions (10 events):
Event: 0.215 Thread 0x0000000002228000 Threw 0x00000007d5d0a190 at C:\re\jdk7u71\1605\hotspot\src\share\vm\prims\jvm.cpp:1281
Event: 0.217 Thread 0x0000000002228000 Threw 0x00000007d5d0c8b8 at C:\re\jdk7u71\1605\hotspot\src\share\vm\prims\jvm.cpp:1281
Event: 0.480 Thread 0x0000000002228000 Threw 0x00000007d5f1a620 at C:\re\jdk7u71\1605\hotspot\src\share\vm\prims\jvm.cpp:1281
Event: 0.491 Thread 0x0000000002228000 Threw 0x00000007d5f2bae8 at C:\re\jdk7u71\1605\hotspot\src\share\vm\prims\jvm.cpp:1281
Event: 0.491 Thread 0x0000000002228000 Threw 0x00000007d5f2bc10 at C:\re\jdk7u71\1605\hotspot\src\share\vm\prims\jvm.cpp:1281
Event: 0.493 Thread 0x0000000002228000 Threw 0x00000007d5f2f248 at C:\re\jdk7u71\1605\hotspot\src\share\vm\prims\jvm.cpp:1281
Event: 0.493 Thread 0x0000000002228000 Threw 0x00000007d5f2f370 at C:\re\jdk7u71\1605\hotspot\src\share\vm\prims\jvm.cpp:1281
Event: 0.494 Thread 0x0000000002228000 Threw 0x00000007d5f2fef8 at C:\re\jdk7u71\1605\hotspot\src\share\vm\prims\jvm.cpp:1281
Event: 0.655 Thread 0x0000000002228000 Implicit null exception at 0x00000000024d3bd4 to 0x00000000024d4d15
Event: 1.689 Thread 0x0000000002228000 Implicit null exception at 0x00000000024e4158 to 0x00000000024e4295

Events (10 events):
Event: 1.691 loading class 0x000000000e0866f0
Event: 1.691 loading class 0x000000000e0866f0 done
Event: 1.692 loading class 0x000000000ae70f00
Event: 1.692 loading class 0x000000000ae70f00 done
Event: 1.692 loading class 0x000000000e07bc80
Event: 1.692 loading class 0x000000000e07bc80 done
Event: 1.700 loading class 0x000000000ddf7b40
Event: 1.700 loading class 0x000000000ddf7b40 done
Event: 1.703 loading class 0x000000000ae7d1e0
Event: 1.703 loading class 0x000000000ae7d1e0 done


Dynamic libraries:
0x000000013fee0000 - 0x000000013ff13000 	C:\Program Files\Java\jre7\bin\javaw.exe
0x0000000076d50000 - 0x0000000076ef9000 	C:\Windows\SYSTEM32\ntdll.dll
0x0000000076b30000 - 0x0000000076c4f000 	C:\Windows\system32\kernel32.dll
0x000007fefcd70000 - 0x000007fefcddc000 	C:\Windows\system32\KERNELBASE.dll
0x000007fefdf90000 - 0x000007fefe06b000 	C:\Windows\system32\ADVAPI32.dll
0x000007fefe440000 - 0x000007fefe4df000 	C:\Windows\system32\msvcrt.dll
0x000007fefe4e0000 - 0x000007fefe4ff000 	C:\Windows\SYSTEM32\sechost.dll
0x000007fefe700000 - 0x000007fefe82d000 	C:\Windows\system32\RPCRT4.dll
0x0000000076c50000 - 0x0000000076d4a000 	C:\Windows\system32\USER32.dll
0x000007fefcf20000 - 0x000007fefcf87000 	C:\Windows\system32\GDI32.dll
0x000007fefe9a0000 - 0x000007fefe9ae000 	C:\Windows\system32\LPK.dll
0x000007fefcf90000 - 0x000007fefd059000 	C:\Windows\system32\USP10.dll
0x000007fefb570000 - 0x000007fefb764000 	C:\Windows\WinSxS\amd64_microsoft.windows.common-controls_6595b64144ccf1df_6.0.7601.17514_none_fa396087175ac9ac\COMCTL32.dll
0x000007fefe070000 - 0x000007fefe0e1000 	C:\Windows\system32\SHLWAPI.dll
0x000007fefd0c0000 - 0x000007fefd0ee000 	C:\Windows\system32\IMM32.DLL
0x000007fefde80000 - 0x000007fefdf89000 	C:\Windows\system32\MSCTF.dll
0x0000000056880000 - 0x0000000056952000 	C:\Program Files\Java\jre7\bin\msvcr100.dll
0x0000000050770000 - 0x0000000050f43000 	C:\Program Files\Java\jre7\bin\server\jvm.dll
0x000007fefa0d0000 - 0x000007fefa0d9000 	C:\Windows\system32\WSOCK32.dll
0x000007fefe350000 - 0x000007fefe39d000 	C:\Windows\system32\WS2_32.dll
0x000007feff050000 - 0x000007feff058000 	C:\Windows\system32\NSI.dll
0x000007fefa530000 - 0x000007fefa56b000 	C:\Windows\system32\WINMM.dll
0x0000000076f10000 - 0x0000000076f17000 	C:\Windows\system32\PSAPI.DLL
0x0000000056870000 - 0x000000005687f000 	C:\Program Files\Java\jre7\bin\verify.dll
0x0000000056840000 - 0x0000000056868000 	C:\Program Files\Java\jre7\bin\java.dll
0x0000000056820000 - 0x0000000056835000 	C:\Program Files\Java\jre7\bin\zip.dll
0x00000000566d0000 - 0x00000000566e9000 	C:\Program Files\Java\jre7\bin\net.dll
0x000007fefc300000 - 0x000007fefc355000 	C:\Windows\system32\mswsock.dll
0x000007fefc2f0000 - 0x000007fefc2f7000 	C:\Windows\System32\wship6.dll
0x000007fefbd20000 - 0x000007fefbd27000 	C:\Windows\System32\wshtcpip.dll
0x000007fefc180000 - 0x000007fefc1db000 	C:\Windows\system32\DNSAPI.dll
0x000007fefa2b0000 - 0x000007fefa2d7000 	C:\Windows\system32\IPHLPAPI.DLL
0x000007fefa2a0000 - 0x000007fefa2ab000 	C:\Windows\system32\WINNSI.DLL
0x000007fef9110000 - 0x000007fef9118000 	C:\Windows\system32\rasadhlp.dll
0x000007fefa050000 - 0x000007fefa0a3000 	C:\Windows\System32\fwpuclnt.dll
0x0000000056680000 - 0x00000000566a4000 	C:\Program Files\Java\jre7\bin\sunec.dll
0x000007fefc360000 - 0x000007fefc377000 	C:\Windows\system32\CRYPTSP.dll
0x000007fefc060000 - 0x000007fefc0a7000 	C:\Windows\system32\rsaenh.dll
0x000007fefce00000 - 0x000007fefce1e000 	C:\Windows\system32\USERENV.dll
0x000007fefcb60000 - 0x000007fefcb6f000 	C:\Windows\system32\profapi.dll
0x000007fefca00000 - 0x000007fefca0f000 	C:\Windows\system32\CRYPTBASE.dll
0x000007fef9ed0000 - 0x000007fef9ee8000 	C:\Windows\system32\dhcpcsvc.DLL
0x000007fef9eb0000 - 0x000007fef9ec1000 	C:\Windows\system32\dhcpcsvc6.DLL
0x00000000566b0000 - 0x00000000566c1000 	C:\Program Files\Java\jre7\bin\nio.dll
0x000007fefa920000 - 0x000007fefa935000 	C:\Windows\system32\NLAapi.dll
0x000007fee9d80000 - 0x000007fee9d95000 	C:\Windows\system32\napinsp.dll
0x000007fee9d30000 - 0x000007fee9d49000 	C:\Windows\system32\pnrpnsp.dll
0x000007fee9c60000 - 0x000007fee9c70000 	C:\Windows\system32\wshbth.dll
0x000007fee9c40000 - 0x000007fee9c4b000 	C:\Windows\System32\winrnr.dll
0x0000000072290000 - 0x000000007229b000 	C:\Program Files\Java\jre7\bin\sunmscapi.dll
0x000007fefcba0000 - 0x000007fefcd0c000 	C:\Windows\system32\CRYPT32.dll
0x000007fefcb70000 - 0x000007fefcb7f000 	C:\Windows\system32\MSASN1.dll
0x0000000056b40000 - 0x0000000056b57000 	C:\Windows\System32\sqljdbc_auth.dll
0x000007fefc7a0000 - 0x000007fefc7ab000 	C:\Windows\system32\secur32.dll
0x000007fefc970000 - 0x000007fefc995000 	C:\Windows\system32\SSPICLI.DLL
0x000007fefbf60000 - 0x000007fefbf6a000 	C:\Windows\system32\credssp.dll
0x000007fefc380000 - 0x000007fefc438000 	C:\Windows\system32\kerberos.DLL
0x000007fefc650000 - 0x000007fefc664000 	C:\Windows\system32\cryptdll.dll
0x000007fefc290000 - 0x000007fefc2e2000 	C:\Windows\system32\msv1_0.DLL
0x000007fef12b0000 - 0x000007fef12d7000 	C:\Windows\system32\ntdsapi.dll
0x000007fee8860000 - 0x000007fee8985000 	C:\Windows\system32\dbghelp.dll

VM Arguments:
jvm_args: -Dfile.encoding=Cp1252 
java_command: Test
Launcher Type: SUN_STANDARD

Environment Variables:
PATH=C:\app\Abhishek\product\11.2.0\client_1\bin;C:\app\Abhishek\oracleproduct\11.2.0\client_1;C:\Windows\system32;C:\Windows;C:\Windows\System32\Wbem;C:\Windows\System32\WindowsPowerShell\v1.0\;C:\Program Files (x86)\ATI Technologies\ATI.ACE\Core-Static;C:\Program Files\Microsoft\Web Platform Installer\;C:\Program Files (x86)\Microsoft ASP.NET\ASP.NET Web Pages\v1.0\;C:\Program Files (x86)\Windows Kits\8.0\Windows Performance Toolkit\;C:\Program Files\Microsoft SQL Server\110\Tools\Binn\;C:\Program Files (x86)\MySQL\MySQL Fabric 1.5.2 & MySQL Utilities 1.5.2 1.5\;C:\Program Files (x86)\MySQL\MySQL Fabric 1.5.2 & MySQL Utilities 1.5.2 1.5\Doctrine extensions for PHP\;C:\Program Files\Microsoft SQL Server\120\Tools\Binn\;C:\Program Files\Microsoft SQL Server\Client SDK\ODBC\110\Tools\Binn\;C:\Program Files (x86)\Microsoft SQL Server\120\Tools\Binn\;C:\Program Files\Microsoft SQL Server\120\DTS\Binn\;C:\Program Files (x86)\Microsoft SQL Server\120\Tools\Binn\ManagementStudio\;C:\Program Files (x86)\Microsoft SQL Server\120\DTS\Binn\
USERNAME=Abhishek
OS=Windows_NT
PROCESSOR_IDENTIFIER=Intel64 Family 6 Model 42 Stepping 7, GenuineIntel



---------------  S Y S T E M  ---------------

OS: Windows 7 , 64 bit Build 7601 Service Pack 1

CPU:total 8 (4 cores per cpu, 2 threads per core) family 6 model 42 stepping 7, cmov, cx8, fxsr, mmx, sse, sse2, sse3, ssse3, sse4.1, sse4.2, popcnt, avx, aes, ht, tsc, tscinvbit

Memory: 4k page, physical 8297200k(4794728k free), swap 16592536k(12414868k free)

vm_info: Java HotSpot(TM) 64-Bit Server VM (24.71-b01) for windows-amd64 JRE (1.7.0_71-b14), built on Sep 26 2014 16:16:12 by "java_re" with unknown MS VC++:1600

time: Sat Nov 15 18:56:02 2014
elapsed time: 1 seconds

